<?xml version="1.0" encoding="UTF-8"?>
<testng-results ignored="0" total="1" passed="1" failed="0" skipped="0">
  <reporter-output>
  </reporter-output>
  <suite started-at="2021-06-13T15:45:14 IST" name="Default suite" finished-at="2021-06-13T15:45:45 IST" duration-ms="31150">
    <groups>
    </groups>
    <test started-at="2021-06-13T15:45:14 IST" name="Default test" finished-at="2021-06-13T15:45:45 IST" duration-ms="31150">
      <class name="tryme.trytoupload">
        <test-method is-config="true" signature="setup()[pri:0, instance:tryme.trytoupload@1da2cb77]" started-at="2021-06-13T15:45:14 IST" name="setup" finished-at="2021-06-13T15:45:42 IST" duration-ms="27903" status="PASS">
          <reporter-output>
          </reporter-output>
        </test-method> <!-- setup -->
        <test-method signature="gitimpl()[pri:0, instance:tryme.trytoupload@1da2cb77]" started-at="2021-06-13T15:45:42 IST" name="gitimpl" finished-at="2021-06-13T15:45:45 IST" duration-ms="2855" status="PASS">
          <reporter-output>
          </reporter-output>
        </test-method> <!-- gitimpl -->
        <test-method is-config="true" signature="closewin()[pri:0, instance:tryme.trytoupload@1da2cb77]" started-at="2021-06-13T15:45:45 IST" name="closewin" finished-at="2021-06-13T15:45:45 IST" duration-ms="321" status="PASS">
          <reporter-output>
          </reporter-output>
        </test-method> <!-- closewin -->
      </class> <!-- tryme.trytoupload -->
    </test> <!-- Default test -->
  </suite> <!-- Default suite -->
</testng-results>
